0 info it worked if it ends with ok
1 verbose cli [ '/usr/bin/node', '/usr/bin/npm', 'run', 'package-win' ]
2 info using npm@3.5.2
3 info using node@v6.11.4
4 verbose run-script [ 'prepackage-win', 'package-win', 'postpackage-win' ]
5 info lifecycle shoppinglist@1.0.0~prepackage-win: shoppinglist@1.0.0
6 silly lifecycle shoppinglist@1.0.0~prepackage-win: no script for prepackage-win, continuing
7 info lifecycle shoppinglist@1.0.0~package-win: shoppinglist@1.0.0
8 verbose lifecycle shoppinglist@1.0.0~package-win: unsafe-perm in lifecycle true
9 verbose lifecycle shoppinglist@1.0.0~package-win: PATH: /usr/share/npm/bin/node-gyp-bin:/home/psgivens/Projects/shoppinglist/node_modules/.bin:/usr/local/sbin:/usr/local/bin:/usr/sbin:/usr/bin:/sbin:/bin:/usr/games:/usr/local/games:/snap/bin:/home/psgivens/.vimpkg/bin
10 verbose lifecycle shoppinglist@1.0.0~package-win: CWD: /home/psgivens/Projects/shoppinglist
11 silly lifecycle shoppinglist@1.0.0~package-win: Args: [ '-c',
11 silly lifecycle   'electron-packager . electron-tutorial-app --overwrite --asar=true --platform=win32 --arch=ia32 --icon=assets/icons/win/icon.ico --prune=true --out=release-builds --version-string.CompanyName=CE --version-string.FileDescription=CE --version-string.ProductName="Shopping List"' ]
12 silly lifecycle shoppinglist@1.0.0~package-win: Returned: code: 1  signal: null
13 info lifecycle shoppinglist@1.0.0~package-win: Failed to exec package-win script
14 verbose stack Error: shoppinglist@1.0.0 package-win: `electron-packager . electron-tutorial-app --overwrite --asar=true --platform=win32 --arch=ia32 --icon=assets/icons/win/icon.ico --prune=true --out=release-builds --version-string.CompanyName=CE --version-string.FileDescription=CE --version-string.ProductName="Shopping List"`
14 verbose stack Exit status 1
14 verbose stack     at EventEmitter.<anonymous> (/usr/share/npm/lib/utils/lifecycle.js:232:16)
14 verbose stack     at emitTwo (events.js:106:13)
14 verbose stack     at EventEmitter.emit (events.js:191:7)
14 verbose stack     at ChildProcess.<anonymous> (/usr/share/npm/lib/utils/spawn.js:24:14)
14 verbose stack     at emitTwo (events.js:106:13)
14 verbose stack     at ChildProcess.emit (events.js:191:7)
14 verbose stack     at maybeClose (internal/child_process.js:920:16)
14 verbose stack     at Process.ChildProcess._handle.onexit (internal/child_process.js:230:5)
15 verbose pkgid shoppinglist@1.0.0
16 verbose cwd /home/psgivens/Projects/shoppinglist
17 error Linux 4.13.0-36-generic
18 error argv "/usr/bin/node" "/usr/bin/npm" "run" "package-win"
19 error node v6.11.4
20 error npm  v3.5.2
21 error code ELIFECYCLE
22 error shoppinglist@1.0.0 package-win: `electron-packager . electron-tutorial-app --overwrite --asar=true --platform=win32 --arch=ia32 --icon=assets/icons/win/icon.ico --prune=true --out=release-builds --version-string.CompanyName=CE --version-string.FileDescription=CE --version-string.ProductName="Shopping List"`
22 error Exit status 1
23 error Failed at the shoppinglist@1.0.0 package-win script 'electron-packager . electron-tutorial-app --overwrite --asar=true --platform=win32 --arch=ia32 --icon=assets/icons/win/icon.ico --prune=true --out=release-builds --version-string.CompanyName=CE --version-string.FileDescription=CE --version-string.ProductName="Shopping List"'.
23 error Make sure you have the latest version of node.js and npm installed.
23 error If you do, this is most likely a problem with the shoppinglist package,
23 error not with npm itself.
23 error Tell the author that this fails on your system:
23 error     electron-packager . electron-tutorial-app --overwrite --asar=true --platform=win32 --arch=ia32 --icon=assets/icons/win/icon.ico --prune=true --out=release-builds --version-string.CompanyName=CE --version-string.FileDescription=CE --version-string.ProductName="Shopping List"
23 error You can get information on how to open an issue for this project with:
23 error     npm bugs shoppinglist
23 error Or if that isn't available, you can get their info via:
23 error     npm owner ls shoppinglist
23 error There is likely additional logging output above.
24 verbose exit [ 1, true ]
